2018-02-16 20:04:15,254 DEBUG    root            Loaded Command Group: ['gcloud', 'components']
2018-02-16 20:04:15,257 DEBUG    root            Loaded Command Group: ['gcloud', 'components', 'list']
2018-02-16 20:04:15,259 DEBUG    root            Running [gcloud.components.list] with arguments: [--quiet: "True"]
2018-02-16 20:04:15,608 INFO     ___FILE_ONLY___ 
Your current Cloud SDK version is: 189.0.0

2018-02-16 20:04:15,608 INFO     ___FILE_ONLY___ The latest available version is: 189.0.0

2018-02-16 20:04:15,608 INFO     ___FILE_ONLY___ 

2018-02-16 20:04:15,609 INFO     root            Display format "table[box,title="Components"](state.name:label=Status,name:label=Name,id:label=ID,size.size(zero="",min=1048576):label=Size:align=right)".
2018-02-16 20:04:15,615 INFO     ___FILE_ONLY___ ┌─────────────────────────────────────────────────────────────────────────────────────────────────────────────┐
2018-02-16 20:04:15,615 INFO     ___FILE_ONLY___ 

2018-02-16 20:04:15,615 INFO     ___FILE_ONLY___ │                                                  Components                                                 │
2018-02-16 20:04:15,615 INFO     ___FILE_ONLY___ 

2018-02-16 20:04:15,615 INFO     ___FILE_ONLY___ ├───────────────┬──────────────────────────────────────────────────────┬──────────────────────────┬───────────┤
2018-02-16 20:04:15,615 INFO     ___FILE_ONLY___ 

2018-02-16 20:04:15,615 INFO     ___FILE_ONLY___ │     Status    │                         Name                         │            ID            │    Size   │
2018-02-16 20:04:15,615 INFO     ___FILE_ONLY___ 

2018-02-16 20:04:15,615 INFO     ___FILE_ONLY___ ├───────────────┼──────────────────────────────────────────────────────┼──────────────────────────┼───────────┤
2018-02-16 20:04:15,616 INFO     ___FILE_ONLY___ 

2018-02-16 20:04:15,616 INFO     ___FILE_ONLY___ │ 
2018-02-16 20:04:15,616 INFO     ___FILE_ONLY___ Not Installed
2018-02-16 20:04:15,616 INFO     ___FILE_ONLY___  
2018-02-16 20:04:15,616 INFO     ___FILE_ONLY___ │ 
2018-02-16 20:04:15,616 INFO     ___FILE_ONLY___ App Engine Go Extensions                            
2018-02-16 20:04:15,616 INFO     ___FILE_ONLY___  
2018-02-16 20:04:15,616 INFO     ___FILE_ONLY___ │ 
2018-02-16 20:04:15,616 INFO     ___FILE_ONLY___ app-engine-go           
2018-02-16 20:04:15,616 INFO     ___FILE_ONLY___  
2018-02-16 20:04:15,616 INFO     ___FILE_ONLY___ │ 
2018-02-16 20:04:15,617 INFO     ___FILE_ONLY___  97.7 MiB
2018-02-16 20:04:15,617 INFO     ___FILE_ONLY___  
2018-02-16 20:04:15,618 INFO     ___FILE_ONLY___ │
2018-02-16 20:04:15,618 INFO     ___FILE_ONLY___ 

2018-02-16 20:04:15,618 INFO     ___FILE_ONLY___ │ 
2018-02-16 20:04:15,619 INFO     ___FILE_ONLY___ Not Installed
2018-02-16 20:04:15,619 INFO     ___FILE_ONLY___  
2018-02-16 20:04:15,619 INFO     ___FILE_ONLY___ │ 
2018-02-16 20:04:15,619 INFO     ___FILE_ONLY___ Cloud Bigtable Command Line Tool                    
2018-02-16 20:04:15,619 INFO     ___FILE_ONLY___  
2018-02-16 20:04:15,620 INFO     ___FILE_ONLY___ │ 
2018-02-16 20:04:15,620 INFO     ___FILE_ONLY___ cbt                     
2018-02-16 20:04:15,620 INFO     ___FILE_ONLY___  
2018-02-16 20:04:15,620 INFO     ___FILE_ONLY___ │ 
2018-02-16 20:04:15,621 INFO     ___FILE_ONLY___   4.0 MiB
2018-02-16 20:04:15,621 INFO     ___FILE_ONLY___  
2018-02-16 20:04:15,621 INFO     ___FILE_ONLY___ │
2018-02-16 20:04:15,621 INFO     ___FILE_ONLY___ 

2018-02-16 20:04:15,621 INFO     ___FILE_ONLY___ │ 
2018-02-16 20:04:15,621 INFO     ___FILE_ONLY___ Not Installed
2018-02-16 20:04:15,621 INFO     ___FILE_ONLY___  
2018-02-16 20:04:15,622 INFO     ___FILE_ONLY___ │ 
2018-02-16 20:04:15,622 INFO     ___FILE_ONLY___ Cloud Bigtable Emulator                             
2018-02-16 20:04:15,622 INFO     ___FILE_ONLY___  
2018-02-16 20:04:15,622 INFO     ___FILE_ONLY___ │ 
2018-02-16 20:04:15,622 INFO     ___FILE_ONLY___ bigtable                
2018-02-16 20:04:15,622 INFO     ___FILE_ONLY___  
2018-02-16 20:04:15,622 INFO     ___FILE_ONLY___ │ 
2018-02-16 20:04:15,622 INFO     ___FILE_ONLY___   3.8 MiB
2018-02-16 20:04:15,622 INFO     ___FILE_ONLY___  
2018-02-16 20:04:15,622 INFO     ___FILE_ONLY___ │
2018-02-16 20:04:15,622 INFO     ___FILE_ONLY___ 

2018-02-16 20:04:15,623 INFO     ___FILE_ONLY___ │ 
2018-02-16 20:04:15,623 INFO     ___FILE_ONLY___ Not Installed
2018-02-16 20:04:15,623 INFO     ___FILE_ONLY___  
2018-02-16 20:04:15,623 INFO     ___FILE_ONLY___ │ 
2018-02-16 20:04:15,623 INFO     ___FILE_ONLY___ Cloud Datalab Command Line Tool                     
2018-02-16 20:04:15,623 INFO     ___FILE_ONLY___  
2018-02-16 20:04:15,623 INFO     ___FILE_ONLY___ │ 
2018-02-16 20:04:15,623 INFO     ___FILE_ONLY___ datalab                 
2018-02-16 20:04:15,623 INFO     ___FILE_ONLY___  
2018-02-16 20:04:15,623 INFO     ___FILE_ONLY___ │ 
2018-02-16 20:04:15,623 INFO     ___FILE_ONLY___   < 1 MiB
2018-02-16 20:04:15,623 INFO     ___FILE_ONLY___  
2018-02-16 20:04:15,623 INFO     ___FILE_ONLY___ │
2018-02-16 20:04:15,623 INFO     ___FILE_ONLY___ 

2018-02-16 20:04:15,624 INFO     ___FILE_ONLY___ │ 
2018-02-16 20:04:15,624 INFO     ___FILE_ONLY___ Not Installed
2018-02-16 20:04:15,624 INFO     ___FILE_ONLY___  
2018-02-16 20:04:15,624 INFO     ___FILE_ONLY___ │ 
2018-02-16 20:04:15,624 INFO     ___FILE_ONLY___ Cloud Datastore Emulator                            
2018-02-16 20:04:15,624 INFO     ___FILE_ONLY___  
2018-02-16 20:04:15,624 INFO     ___FILE_ONLY___ │ 
2018-02-16 20:04:15,624 INFO     ___FILE_ONLY___ cloud-datastore-emulator
2018-02-16 20:04:15,624 INFO     ___FILE_ONLY___  
2018-02-16 20:04:15,624 INFO     ___FILE_ONLY___ │ 
2018-02-16 20:04:15,625 INFO     ___FILE_ONLY___  17.9 MiB
2018-02-16 20:04:15,625 INFO     ___FILE_ONLY___  
2018-02-16 20:04:15,625 INFO     ___FILE_ONLY___ │
2018-02-16 20:04:15,625 INFO     ___FILE_ONLY___ 

2018-02-16 20:04:15,625 INFO     ___FILE_ONLY___ │ 
2018-02-16 20:04:15,625 INFO     ___FILE_ONLY___ Not Installed
2018-02-16 20:04:15,625 INFO     ___FILE_ONLY___  
2018-02-16 20:04:15,625 INFO     ___FILE_ONLY___ │ 
2018-02-16 20:04:15,625 INFO     ___FILE_ONLY___ Cloud Datastore Emulator (Legacy)                   
2018-02-16 20:04:15,625 INFO     ___FILE_ONLY___  
2018-02-16 20:04:15,625 INFO     ___FILE_ONLY___ │ 
2018-02-16 20:04:15,625 INFO     ___FILE_ONLY___ gcd-emulator            
2018-02-16 20:04:15,625 INFO     ___FILE_ONLY___  
2018-02-16 20:04:15,625 INFO     ___FILE_ONLY___ │ 
2018-02-16 20:04:15,625 INFO     ___FILE_ONLY___  38.1 MiB
2018-02-16 20:04:15,625 INFO     ___FILE_ONLY___  
2018-02-16 20:04:15,626 INFO     ___FILE_ONLY___ │
2018-02-16 20:04:15,626 INFO     ___FILE_ONLY___ 

2018-02-16 20:04:15,626 INFO     ___FILE_ONLY___ │ 
2018-02-16 20:04:15,626 INFO     ___FILE_ONLY___ Not Installed
2018-02-16 20:04:15,626 INFO     ___FILE_ONLY___  
2018-02-16 20:04:15,626 INFO     ___FILE_ONLY___ │ 
2018-02-16 20:04:15,626 INFO     ___FILE_ONLY___ Cloud Pub/Sub Emulator                              
2018-02-16 20:04:15,626 INFO     ___FILE_ONLY___  
2018-02-16 20:04:15,626 INFO     ___FILE_ONLY___ │ 
2018-02-16 20:04:15,627 INFO     ___FILE_ONLY___ pubsub-emulator         
2018-02-16 20:04:15,627 INFO     ___FILE_ONLY___  
2018-02-16 20:04:15,627 INFO     ___FILE_ONLY___ │ 
2018-02-16 20:04:15,627 INFO     ___FILE_ONLY___  33.4 MiB
2018-02-16 20:04:15,627 INFO     ___FILE_ONLY___  
2018-02-16 20:04:15,627 INFO     ___FILE_ONLY___ │
2018-02-16 20:04:15,627 INFO     ___FILE_ONLY___ 

2018-02-16 20:04:15,627 INFO     ___FILE_ONLY___ │ 
2018-02-16 20:04:15,627 INFO     ___FILE_ONLY___ Not Installed
2018-02-16 20:04:15,628 INFO     ___FILE_ONLY___  
2018-02-16 20:04:15,628 INFO     ___FILE_ONLY___ │ 
2018-02-16 20:04:15,629 INFO     ___FILE_ONLY___ Emulator Reverse Proxy                              
2018-02-16 20:04:15,629 INFO     ___FILE_ONLY___  
2018-02-16 20:04:15,629 INFO     ___FILE_ONLY___ │ 
2018-02-16 20:04:15,629 INFO     ___FILE_ONLY___ emulator-reverse-proxy  
2018-02-16 20:04:15,629 INFO     ___FILE_ONLY___  
2018-02-16 20:04:15,629 INFO     ___FILE_ONLY___ │ 
2018-02-16 20:04:15,630 INFO     ___FILE_ONLY___  14.5 MiB
2018-02-16 20:04:15,630 INFO     ___FILE_ONLY___  
2018-02-16 20:04:15,630 INFO     ___FILE_ONLY___ │
2018-02-16 20:04:15,630 INFO     ___FILE_ONLY___ 

2018-02-16 20:04:15,630 INFO     ___FILE_ONLY___ │ 
2018-02-16 20:04:15,631 INFO     ___FILE_ONLY___ Not Installed
2018-02-16 20:04:15,631 INFO     ___FILE_ONLY___  
2018-02-16 20:04:15,631 INFO     ___FILE_ONLY___ │ 
2018-02-16 20:04:15,631 INFO     ___FILE_ONLY___ Google Container Local Builder                      
2018-02-16 20:04:15,631 INFO     ___FILE_ONLY___  
2018-02-16 20:04:15,631 INFO     ___FILE_ONLY___ │ 
2018-02-16 20:04:15,632 INFO     ___FILE_ONLY___ container-builder-local 
2018-02-16 20:04:15,632 INFO     ___FILE_ONLY___  
2018-02-16 20:04:15,632 INFO     ___FILE_ONLY___ │ 
2018-02-16 20:04:15,632 INFO     ___FILE_ONLY___   3.7 MiB
2018-02-16 20:04:15,632 INFO     ___FILE_ONLY___  
2018-02-16 20:04:15,632 INFO     ___FILE_ONLY___ │
2018-02-16 20:04:15,632 INFO     ___FILE_ONLY___ 

2018-02-16 20:04:15,632 INFO     ___FILE_ONLY___ │ 
2018-02-16 20:04:15,632 INFO     ___FILE_ONLY___ Not Installed
2018-02-16 20:04:15,632 INFO     ___FILE_ONLY___  
2018-02-16 20:04:15,632 INFO     ___FILE_ONLY___ │ 
2018-02-16 20:04:15,633 INFO     ___FILE_ONLY___ Google Container Registry's Docker credential helper
2018-02-16 20:04:15,633 INFO     ___FILE_ONLY___  
2018-02-16 20:04:15,633 INFO     ___FILE_ONLY___ │ 
2018-02-16 20:04:15,633 INFO     ___FILE_ONLY___ docker-credential-gcr   
2018-02-16 20:04:15,633 INFO     ___FILE_ONLY___  
2018-02-16 20:04:15,633 INFO     ___FILE_ONLY___ │ 
2018-02-16 20:04:15,633 INFO     ___FILE_ONLY___   2.3 MiB
2018-02-16 20:04:15,634 INFO     ___FILE_ONLY___  
2018-02-16 20:04:15,634 INFO     ___FILE_ONLY___ │
2018-02-16 20:04:15,634 INFO     ___FILE_ONLY___ 

2018-02-16 20:04:15,634 INFO     ___FILE_ONLY___ │ 
2018-02-16 20:04:15,634 INFO     ___FILE_ONLY___ Not Installed
2018-02-16 20:04:15,634 INFO     ___FILE_ONLY___  
2018-02-16 20:04:15,634 INFO     ___FILE_ONLY___ │ 
2018-02-16 20:04:15,634 INFO     ___FILE_ONLY___ gcloud Alpha Commands                               
2018-02-16 20:04:15,634 INFO     ___FILE_ONLY___  
2018-02-16 20:04:15,634 INFO     ___FILE_ONLY___ │ 
2018-02-16 20:04:15,634 INFO     ___FILE_ONLY___ alpha                   
2018-02-16 20:04:15,634 INFO     ___FILE_ONLY___  
2018-02-16 20:04:15,635 INFO     ___FILE_ONLY___ │ 
2018-02-16 20:04:15,635 INFO     ___FILE_ONLY___   < 1 MiB
2018-02-16 20:04:15,635 INFO     ___FILE_ONLY___  
2018-02-16 20:04:15,635 INFO     ___FILE_ONLY___ │
2018-02-16 20:04:15,635 INFO     ___FILE_ONLY___ 

2018-02-16 20:04:15,635 INFO     ___FILE_ONLY___ │ 
2018-02-16 20:04:15,635 INFO     ___FILE_ONLY___ Not Installed
2018-02-16 20:04:15,635 INFO     ___FILE_ONLY___  
2018-02-16 20:04:15,635 INFO     ___FILE_ONLY___ │ 
2018-02-16 20:04:15,635 INFO     ___FILE_ONLY___ gcloud Beta Commands                                
2018-02-16 20:04:15,635 INFO     ___FILE_ONLY___  
2018-02-16 20:04:15,635 INFO     ___FILE_ONLY___ │ 
2018-02-16 20:04:15,635 INFO     ___FILE_ONLY___ beta                    
2018-02-16 20:04:15,635 INFO     ___FILE_ONLY___  
2018-02-16 20:04:15,635 INFO     ___FILE_ONLY___ │ 
2018-02-16 20:04:15,635 INFO     ___FILE_ONLY___   < 1 MiB
2018-02-16 20:04:15,635 INFO     ___FILE_ONLY___  
2018-02-16 20:04:15,635 INFO     ___FILE_ONLY___ │
2018-02-16 20:04:15,635 INFO     ___FILE_ONLY___ 

2018-02-16 20:04:15,636 INFO     ___FILE_ONLY___ │ 
2018-02-16 20:04:15,636 INFO     ___FILE_ONLY___ Not Installed
2018-02-16 20:04:15,636 INFO     ___FILE_ONLY___  
2018-02-16 20:04:15,636 INFO     ___FILE_ONLY___ │ 
2018-02-16 20:04:15,636 INFO     ___FILE_ONLY___ gcloud app Java Extensions                          
2018-02-16 20:04:15,636 INFO     ___FILE_ONLY___  
2018-02-16 20:04:15,636 INFO     ___FILE_ONLY___ │ 
2018-02-16 20:04:15,636 INFO     ___FILE_ONLY___ app-engine-java         
2018-02-16 20:04:15,636 INFO     ___FILE_ONLY___  
2018-02-16 20:04:15,636 INFO     ___FILE_ONLY___ │ 
2018-02-16 20:04:15,636 INFO     ___FILE_ONLY___ 118.8 MiB
2018-02-16 20:04:15,636 INFO     ___FILE_ONLY___  
2018-02-16 20:04:15,636 INFO     ___FILE_ONLY___ │
2018-02-16 20:04:15,636 INFO     ___FILE_ONLY___ 

2018-02-16 20:04:15,636 INFO     ___FILE_ONLY___ │ 
2018-02-16 20:04:15,636 INFO     ___FILE_ONLY___ Not Installed
2018-02-16 20:04:15,636 INFO     ___FILE_ONLY___  
2018-02-16 20:04:15,636 INFO     ___FILE_ONLY___ │ 
2018-02-16 20:04:15,637 INFO     ___FILE_ONLY___ gcloud app PHP Extensions                           
2018-02-16 20:04:15,637 INFO     ___FILE_ONLY___  
2018-02-16 20:04:15,637 INFO     ___FILE_ONLY___ │ 
2018-02-16 20:04:15,637 INFO     ___FILE_ONLY___ app-engine-php          
2018-02-16 20:04:15,637 INFO     ___FILE_ONLY___  
2018-02-16 20:04:15,637 INFO     ___FILE_ONLY___ │ 
2018-02-16 20:04:15,637 INFO     ___FILE_ONLY___  21.9 MiB
2018-02-16 20:04:15,637 INFO     ___FILE_ONLY___  
2018-02-16 20:04:15,637 INFO     ___FILE_ONLY___ │
2018-02-16 20:04:15,637 INFO     ___FILE_ONLY___ 

2018-02-16 20:04:15,637 INFO     ___FILE_ONLY___ │ 
2018-02-16 20:04:15,637 INFO     ___FILE_ONLY___ Not Installed
2018-02-16 20:04:15,637 INFO     ___FILE_ONLY___  
2018-02-16 20:04:15,637 INFO     ___FILE_ONLY___ │ 
2018-02-16 20:04:15,637 INFO     ___FILE_ONLY___ gcloud app Python Extensions                        
2018-02-16 20:04:15,637 INFO     ___FILE_ONLY___  
2018-02-16 20:04:15,637 INFO     ___FILE_ONLY___ │ 
2018-02-16 20:04:15,637 INFO     ___FILE_ONLY___ app-engine-python       
2018-02-16 20:04:15,638 INFO     ___FILE_ONLY___  
2018-02-16 20:04:15,638 INFO     ___FILE_ONLY___ │ 
2018-02-16 20:04:15,638 INFO     ___FILE_ONLY___   6.1 MiB
2018-02-16 20:04:15,638 INFO     ___FILE_ONLY___  
2018-02-16 20:04:15,638 INFO     ___FILE_ONLY___ │
2018-02-16 20:04:15,638 INFO     ___FILE_ONLY___ 

2018-02-16 20:04:15,638 INFO     ___FILE_ONLY___ │ 
2018-02-16 20:04:15,638 INFO     ___FILE_ONLY___ Not Installed
2018-02-16 20:04:15,638 INFO     ___FILE_ONLY___  
2018-02-16 20:04:15,638 INFO     ___FILE_ONLY___ │ 
2018-02-16 20:04:15,638 INFO     ___FILE_ONLY___ gcloud app Python Extensions (Extra Libraries)      
2018-02-16 20:04:15,638 INFO     ___FILE_ONLY___  
2018-02-16 20:04:15,638 INFO     ___FILE_ONLY___ │ 
2018-02-16 20:04:15,638 INFO     ___FILE_ONLY___ app-engine-python-extras
2018-02-16 20:04:15,638 INFO     ___FILE_ONLY___  
2018-02-16 20:04:15,638 INFO     ___FILE_ONLY___ │ 
2018-02-16 20:04:15,638 INFO     ___FILE_ONLY___  27.8 MiB
2018-02-16 20:04:15,639 INFO     ___FILE_ONLY___  
2018-02-16 20:04:15,639 INFO     ___FILE_ONLY___ │
2018-02-16 20:04:15,639 INFO     ___FILE_ONLY___ 

2018-02-16 20:04:15,639 INFO     ___FILE_ONLY___ │ 
2018-02-16 20:04:15,639 INFO     ___FILE_ONLY___ Not Installed
2018-02-16 20:04:15,639 INFO     ___FILE_ONLY___  
2018-02-16 20:04:15,639 INFO     ___FILE_ONLY___ │ 
2018-02-16 20:04:15,639 INFO     ___FILE_ONLY___ kubectl                                             
2018-02-16 20:04:15,639 INFO     ___FILE_ONLY___  
2018-02-16 20:04:15,639 INFO     ___FILE_ONLY___ │ 
2018-02-16 20:04:15,639 INFO     ___FILE_ONLY___ kubectl                 
2018-02-16 20:04:15,639 INFO     ___FILE_ONLY___  
2018-02-16 20:04:15,639 INFO     ___FILE_ONLY___ │ 
2018-02-16 20:04:15,639 INFO     ___FILE_ONLY___  12.2 MiB
2018-02-16 20:04:15,639 INFO     ___FILE_ONLY___  
2018-02-16 20:04:15,639 INFO     ___FILE_ONLY___ │
2018-02-16 20:04:15,640 INFO     ___FILE_ONLY___ 

2018-02-16 20:04:15,640 INFO     ___FILE_ONLY___ │ 
2018-02-16 20:04:15,640 INFO     ___FILE_ONLY___ Installed    
2018-02-16 20:04:15,640 INFO     ___FILE_ONLY___  
2018-02-16 20:04:15,640 INFO     ___FILE_ONLY___ │ 
2018-02-16 20:04:15,640 INFO     ___FILE_ONLY___ BigQuery Command Line Tool                          
2018-02-16 20:04:15,640 INFO     ___FILE_ONLY___  
2018-02-16 20:04:15,640 INFO     ___FILE_ONLY___ │ 
2018-02-16 20:04:15,641 INFO     ___FILE_ONLY___ bq                      
2018-02-16 20:04:15,641 INFO     ___FILE_ONLY___  
2018-02-16 20:04:15,641 INFO     ___FILE_ONLY___ │ 
2018-02-16 20:04:15,641 INFO     ___FILE_ONLY___   < 1 MiB
2018-02-16 20:04:15,641 INFO     ___FILE_ONLY___  
2018-02-16 20:04:15,641 INFO     ___FILE_ONLY___ │
2018-02-16 20:04:15,641 INFO     ___FILE_ONLY___ 

2018-02-16 20:04:15,641 INFO     ___FILE_ONLY___ │ 
2018-02-16 20:04:15,641 INFO     ___FILE_ONLY___ Installed    
2018-02-16 20:04:15,641 INFO     ___FILE_ONLY___  
2018-02-16 20:04:15,641 INFO     ___FILE_ONLY___ │ 
2018-02-16 20:04:15,641 INFO     ___FILE_ONLY___ Cloud SDK Core Libraries                            
2018-02-16 20:04:15,641 INFO     ___FILE_ONLY___  
2018-02-16 20:04:15,641 INFO     ___FILE_ONLY___ │ 
2018-02-16 20:04:15,641 INFO     ___FILE_ONLY___ core                    
2018-02-16 20:04:15,641 INFO     ___FILE_ONLY___  
2018-02-16 20:04:15,641 INFO     ___FILE_ONLY___ │ 
2018-02-16 20:04:15,641 INFO     ___FILE_ONLY___   7.2 MiB
2018-02-16 20:04:15,641 INFO     ___FILE_ONLY___  
2018-02-16 20:04:15,641 INFO     ___FILE_ONLY___ │
2018-02-16 20:04:15,642 INFO     ___FILE_ONLY___ 

2018-02-16 20:04:15,642 INFO     ___FILE_ONLY___ │ 
2018-02-16 20:04:15,642 INFO     ___FILE_ONLY___ Installed    
2018-02-16 20:04:15,642 INFO     ___FILE_ONLY___  
2018-02-16 20:04:15,642 INFO     ___FILE_ONLY___ │ 
2018-02-16 20:04:15,642 INFO     ___FILE_ONLY___ Cloud Storage Command Line Tool                     
2018-02-16 20:04:15,642 INFO     ___FILE_ONLY___  
2018-02-16 20:04:15,642 INFO     ___FILE_ONLY___ │ 
2018-02-16 20:04:15,642 INFO     ___FILE_ONLY___ gsutil                  
2018-02-16 20:04:15,642 INFO     ___FILE_ONLY___  
2018-02-16 20:04:15,642 INFO     ___FILE_ONLY___ │ 
2018-02-16 20:04:15,642 INFO     ___FILE_ONLY___   3.3 MiB
2018-02-16 20:04:15,642 INFO     ___FILE_ONLY___  
2018-02-16 20:04:15,642 INFO     ___FILE_ONLY___ │
2018-02-16 20:04:15,642 INFO     ___FILE_ONLY___ 

2018-02-16 20:04:15,642 INFO     ___FILE_ONLY___ └───────────────┴──────────────────────────────────────────────────────┴──────────────────────────┴───────────┘
2018-02-16 20:04:15,642 INFO     ___FILE_ONLY___ 

2018-02-16 20:04:15,649 INFO     ___FILE_ONLY___ To install or remove components at your current SDK version [189.0.0], run:
  $ gcloud components install COMPONENT_ID
  $ gcloud components remove COMPONENT_ID

To update your SDK installation to the latest version [189.0.0], run:
  $ gcloud components update


