2018-02-16 20:47:38,818 DEBUG    root            Loaded Command Group: ['gcloud', 'auth']
2018-02-16 20:47:38,831 DEBUG    root            Loaded Command Group: ['gcloud', 'auth', 'list']
2018-02-16 20:47:38,834 DEBUG    root            Running [gcloud.auth.list] with arguments: []
2018-02-16 20:47:38,837 INFO     root            Display format "    table[title='Credentialed Accounts'](
        status.yesno(yes='*', no=''):label=ACTIVE,
        account
    )".
2018-02-16 20:47:38,838 INFO     ___FILE_ONLY___   Credentialed Accounts
2018-02-16 20:47:38,839 INFO     ___FILE_ONLY___ 

2018-02-16 20:47:38,839 INFO     ___FILE_ONLY___ ACTIVE
2018-02-16 20:47:38,840 INFO     ___FILE_ONLY___   
2018-02-16 20:47:38,840 INFO     ___FILE_ONLY___ ACCOUNT
2018-02-16 20:47:38,840 INFO     ___FILE_ONLY___ 

2018-02-16 20:47:38,840 INFO     ___FILE_ONLY___ *
2018-02-16 20:47:38,841 INFO     ___FILE_ONLY___        
2018-02-16 20:47:38,841 INFO     ___FILE_ONLY___ nikola@another.ai
2018-02-16 20:47:38,842 INFO     ___FILE_ONLY___ 

2018-02-16 20:47:38,842 INFO     ___FILE_ONLY___ 
To set the active account, run:
    $ gcloud config set account `ACCOUNT`


