2018-02-16 20:46:12,615 DEBUG    root            Loaded Command Group: ['gcloud', 'init']
2018-02-16 20:46:12,619 DEBUG    root            Running [gcloud.init] with arguments: []
2018-02-16 20:46:12,620 INFO     ___FILE_ONLY___ Welcome! This command will take you through the configuration of gcloud.


2018-02-16 20:46:12,623 INFO     ___FILE_ONLY___ Your current configuration has been set to: [default]


2018-02-16 20:46:12,623 INFO     ___FILE_ONLY___ You can skip diagnostics next time by using the following flag:

2018-02-16 20:46:12,623 INFO     ___FILE_ONLY___   gcloud init --skip-diagnostics


2018-02-16 20:46:12,623 INFO     ___FILE_ONLY___ Network diagnostic detects and fixes local network connection issues.

2018-02-16 20:46:12,623 INFO     ___FILE_ONLY___ Checking network connection...
2018-02-16 20:46:15,632 INFO     ___FILE_ONLY___ Reachability Check passed.

2018-02-16 20:46:15,632 INFO     ___FILE_ONLY___ Network diagnostic (1/1 checks) passed.


2018-02-16 20:46:19,892 DEBUG    root            Loaded Command Group: ['gcloud', 'auth']
2018-02-16 20:46:19,919 DEBUG    root            Loaded Command Group: ['gcloud', 'auth', 'login']
2018-02-16 20:46:19,920 INFO     root            Executing: [gcloud auth login --force --brief]
2018-02-16 20:46:19,922 DEBUG    root            Running [gcloud.auth.login] with arguments: [--brief: "True", --force: "True"]
2018-02-16 20:46:20,300 INFO     ___FILE_ONLY___ Your browser has been opened to visit:

    https://accounts.google.com/o/oauth2/auth?redirect_uri=http%3A%2F%2Flocalhost%3A8085%2F&prompt=select_account&response_type=code&client_id=32555940559.apps.googleusercontent.com&scope=https%3A%2F%2Fwww.googleapis.com%2Fauth%2Fuserinfo.email+https%3A%2F%2Fwww.googleapis.com%2Fauth%2Fcloud-platform+https%3A%2F%2Fwww.googleapis.com%2Fauth%2Fappengine.admin+https%3A%2F%2Fwww.googleapis.com%2Fauth%2Fcompute+https%3A%2F%2Fwww.googleapis.com%2Fauth%2Faccounts.reauth&access_type=offline



2018-02-16 20:46:30,037 INFO     oauth2client.client Successfully retrieved access token
2018-02-16 20:46:30,053 INFO     root            Display format "none".
2018-02-16 20:46:30,056 DEBUG    root            Checking for updates...
2018-02-16 20:46:30,350 DEBUG    root            Updating notification cache...
2018-02-16 20:46:30,352 INFO     ___FILE_ONLY___ You are logged in as: [nikola@another.ai].


2018-02-16 20:46:34,397 INFO     ___FILE_ONLY___ Your current project has been set to: [anotherproject1337].


2018-02-16 20:46:34,400 DEBUG    root            Loaded Command Group: ['gcloud', 'compute', 'project_info']
2018-02-16 20:46:34,454 DEBUG    root            Loaded Command Group: ['gcloud', 'compute', 'project-info', 'describe']
2018-02-16 20:46:34,455 INFO     root            Executing: [gcloud compute project-info describe --quiet]
2018-02-16 20:46:34,461 DEBUG    root            Running [gcloud.compute.project-info.describe] with arguments: [--no-user-output-enabled: "false", --quiet: "True", --verbosity: "none"]
2018-02-16 20:46:35,203 INFO     root            Display disabled.
2018-02-16 20:46:39,279 DEBUG    root            Loaded Command Group: ['gcloud', 'compute', 'zones']
2018-02-16 20:46:39,280 DEBUG    root            Loaded Command Group: ['gcloud', 'compute', 'zones', 'list']
2018-02-16 20:46:39,282 INFO     root            Executing: [gcloud compute zones list]
2018-02-16 20:46:39,284 DEBUG    root            Running [gcloud.compute.zones.list] with arguments: [--no-user-output-enabled: "false", --verbosity: "none"]
2018-02-16 20:46:39,291 INFO     root            Display disabled.
2018-02-16 20:47:02,834 INFO     ___FILE_ONLY___ 

Command killed by keyboard interrupt


