2018-02-16 20:47:04,705 DEBUG    root            Loaded Command Group: ['gcloud', 'init']
2018-02-16 20:47:04,707 DEBUG    root            Running [gcloud.init] with arguments: []
2018-02-16 20:47:04,707 INFO     ___FILE_ONLY___ Welcome! This command will take you through the configuration of gcloud.


2018-02-16 20:47:04,708 INFO     ___FILE_ONLY___ Settings from your current configuration [default] are:

2018-02-16 20:47:04,710 INFO     ___FILE_ONLY___ core:
  account: nikola@another.ai
  disable_usage_reporting: 'True'
  project: anotherproject1337

2018-02-16 20:47:04,710 INFO     ___FILE_ONLY___ 

2018-02-16 20:47:12,271 INFO     ___FILE_ONLY___ Your current configuration has been set to: [default]


2018-02-16 20:47:12,271 INFO     ___FILE_ONLY___ You can skip diagnostics next time by using the following flag:

2018-02-16 20:47:12,271 INFO     ___FILE_ONLY___   gcloud init --skip-diagnostics


2018-02-16 20:47:12,272 INFO     ___FILE_ONLY___ Network diagnostic detects and fixes local network connection issues.

2018-02-16 20:47:12,272 INFO     ___FILE_ONLY___ Checking network connection...
2018-02-16 20:47:15,278 INFO     ___FILE_ONLY___ Reachability Check passed.

2018-02-16 20:47:15,279 INFO     ___FILE_ONLY___ Network diagnostic (1/1 checks) passed.


2018-02-16 20:47:16,878 INFO     ___FILE_ONLY___ You are logged in as: [nikola@another.ai].


2018-02-16 20:47:18,827 INFO     ___FILE_ONLY___ Your current project has been set to: [anotherproject1337].


2018-02-16 20:47:18,828 DEBUG    root            Loaded Command Group: ['gcloud', 'compute', 'project_info']
2018-02-16 20:47:18,833 DEBUG    root            Loaded Command Group: ['gcloud', 'compute', 'project-info', 'describe']
2018-02-16 20:47:18,834 INFO     root            Executing: [gcloud compute project-info describe --quiet]
2018-02-16 20:47:18,836 DEBUG    root            Running [gcloud.compute.project-info.describe] with arguments: [--no-user-output-enabled: "false", --quiet: "True", --verbosity: "none"]
2018-02-16 20:47:19,333 INFO     root            Display disabled.
2018-02-16 20:47:21,025 DEBUG    root            Executing command: [u'/Users/nikola/google-cloud-sdk/bin/gsutil', 'config', '-n', '-o', '/Users/nikola/.boto']
2018-02-16 20:47:22,616 DEBUG    ___FILE_ONLY___ 
2018-02-16 20:47:22,616 DEBUG    ___FILE_ONLY___ This command will create a boto config file at /Users/nikola/.boto
containing your credentials, based on your responses to the following
questions.

Boto config file "/Users/nikola/.boto" created. If you need to use a
proxy to access the Internet please see the instructions in that file.

2018-02-16 20:47:22,617 INFO     ___FILE_ONLY___ Created a default .boto configuration file at [/Users/nikola/.boto]. See this file and
[https://cloud.google.com/storage/docs/gsutil/commands/config] for more
information about configuring Google Cloud Storage.

2018-02-16 20:47:22,617 INFO     ___FILE_ONLY___ Your Google Cloud SDK is configured and ready to use!


2018-02-16 20:47:22,617 INFO     ___FILE_ONLY___ * Commands that require authentication will use nikola@another.ai by default

2018-02-16 20:47:22,617 INFO     ___FILE_ONLY___ * Commands will reference project `anotherproject1337` by default

2018-02-16 20:47:22,617 INFO     ___FILE_ONLY___ Run `gcloud help config` to learn how to change individual settings


2018-02-16 20:47:22,618 INFO     ___FILE_ONLY___ This gcloud configuration is called [default]. You can create additional configurations if you work with multiple accounts and/or projects.

2018-02-16 20:47:22,618 INFO     ___FILE_ONLY___ Run `gcloud topic configurations` to learn more.


2018-02-16 20:47:22,618 INFO     ___FILE_ONLY___ Some things to try next:


2018-02-16 20:47:22,618 INFO     ___FILE_ONLY___ * Run `gcloud --help` to see the Cloud Platform services you can interact with. And run `gcloud help COMMAND` to get help on any gcloud command.

2018-02-16 20:47:22,618 INFO     ___FILE_ONLY___ * Run `gcloud topic -h` to learn about advanced features of the SDK like arg files and output formatting

2018-02-16 20:47:22,619 INFO     root            Display format "default".
