2018-02-16 20:48:17,302 DEBUG    root            No implementation for release track [GA] for element: [/Users/nikola/google-cloud-sdk/lib/surface/tasks]
2018-02-16 20:48:17,310 DEBUG    root            Loaded Command Group: ['gcloud', 'feedback']
2018-02-16 20:48:17,313 DEBUG    root            Loaded Command Group: ['gcloud', u'app']
2018-02-16 20:48:17,316 DEBUG    root            No implementation for release track [GA] for element: [/Users/nikola/google-cloud-sdk/lib/surface/access_context_manager]
2018-02-16 20:48:17,318 DEBUG    root            Loaded Command Group: ['gcloud', u'services']
2018-02-16 20:48:17,322 DEBUG    root            Loaded Command Group: ['gcloud', u'meta']
2018-02-16 20:48:17,326 DEBUG    root            Loaded Command Group: ['gcloud', u'datastore']
2018-02-16 20:48:17,329 DEBUG    root            Loaded Command Group: ['gcloud', 'help']
2018-02-16 20:48:17,331 DEBUG    root            Loaded Command Group: ['gcloud', u'iam']
2018-02-16 20:48:17,334 DEBUG    root            No implementation for release track [GA] for element: [/Users/nikola/google-cloud-sdk/lib/surface/genomics]
2018-02-16 20:48:17,339 DEBUG    root            Loaded Command Group: ['gcloud', u'functions']
2018-02-16 20:48:17,372 DEBUG    root            Loaded Command Group: ['gcloud', u'container']
2018-02-16 20:48:17,375 DEBUG    root            No implementation for release track [GA] for element: [/Users/nikola/google-cloud-sdk/lib/surface/billing]
2018-02-16 20:48:17,384 DEBUG    root            Loaded Command Group: ['gcloud', u'source']
2018-02-16 20:48:17,396 DEBUG    root            Loaded Command Group: ['gcloud', 'init']
2018-02-16 20:48:17,398 DEBUG    root            Loaded Command Group: ['gcloud', 'version']
2018-02-16 20:48:17,402 DEBUG    root            Loaded Command Group: ['gcloud', u'kms']
2018-02-16 20:48:17,404 DEBUG    root            No implementation for release track [GA] for element: [/Users/nikola/google-cloud-sdk/lib/surface/bigtable]
2018-02-16 20:48:17,407 DEBUG    root            Loaded Command Group: ['gcloud', u'dns']
2018-02-16 20:48:17,409 DEBUG    root            Loaded Command Group: ['gcloud', u'config']
2018-02-16 20:48:17,412 DEBUG    root            No implementation for release track [GA] for element: [/Users/nikola/google-cloud-sdk/lib/surface/resources]
2018-02-16 20:48:17,414 DEBUG    root            Loaded Command Group: ['gcloud', u'pubsub']
2018-02-16 20:48:17,416 DEBUG    root            Loaded Command Group: ['gcloud', 'info']
2018-02-16 20:48:17,703 DEBUG    root            No implementation for release track [GA] for element: [/Users/nikola/google-cloud-sdk/lib/surface/interactive]
2018-02-16 20:48:17,705 DEBUG    root            No implementation for release track [GA] for element: [/Users/nikola/google-cloud-sdk/lib/surface/error_reporting]
2018-02-16 20:48:17,707 DEBUG    root            Loaded Command Group: ['gcloud', u'organizations']
2018-02-16 20:48:17,711 DEBUG    root            Loaded Command Group: ['gcloud', u'dataproc']
2018-02-16 20:48:17,732 DEBUG    root            Loaded Command Group: ['gcloud', u'ml_engine']
2018-02-16 20:48:17,735 DEBUG    root            No implementation for release track [GA] for element: [/Users/nikola/google-cloud-sdk/lib/surface/iot]
2018-02-16 20:48:17,737 DEBUG    root            No implementation for release track [GA] for element: [/Users/nikola/google-cloud-sdk/lib/surface/emulators]
2018-02-16 20:48:17,738 DEBUG    root            Loaded Command Group: ['gcloud', u'auth']
2018-02-16 20:48:17,744 DEBUG    root            Loaded Command Group: ['gcloud', u'debug']
2018-02-16 20:48:17,747 DEBUG    root            Loaded Command Group: ['gcloud', u'firebase']
2018-02-16 20:48:17,750 DEBUG    root            No implementation for release track [GA] for element: [/Users/nikola/google-cloud-sdk/lib/surface/category_manager]
2018-02-16 20:48:17,751 DEBUG    root            No implementation for release track [GA] for element: [/Users/nikola/google-cloud-sdk/lib/surface/scheduler]
2018-02-16 20:48:17,754 DEBUG    root            Loaded Command Group: ['gcloud', u'sql']
2018-02-16 20:48:17,757 DEBUG    root            Loaded Command Group: ['gcloud', u'spanner']
2018-02-16 20:48:17,759 DEBUG    root            Loaded Command Group: ['gcloud', u'projects']
2018-02-16 20:48:17,762 DEBUG    root            No implementation for release track [GA] for element: [/Users/nikola/google-cloud-sdk/lib/surface/resource_manager]
2018-02-16 20:48:17,765 DEBUG    root            Loaded Command Group: ['gcloud', u'topic']
2018-02-16 20:48:17,767 DEBUG    root            Loaded Command Group: ['gcloud', u'logging']
2018-02-16 20:48:17,777 DEBUG    root            No implementation for release track [GA] for element: [/Users/nikola/google-cloud-sdk/lib/surface/search_help]
2018-02-16 20:48:17,779 DEBUG    root            Loaded Command Group: ['gcloud', u'dataflow']
2018-02-16 20:48:17,782 DEBUG    root            Loaded Command Group: ['gcloud', u'ml']
2018-02-16 20:48:17,786 DEBUG    root            No implementation for release track [GA] for element: [/Users/nikola/google-cloud-sdk/lib/surface/runtime_config]
2018-02-16 20:48:17,787 DEBUG    root            Loaded Command Group: ['gcloud', u'components']
2018-02-16 20:48:17,791 DEBUG    root            Loaded Command Group: ['gcloud', u'domains']
2018-02-16 20:48:17,799 DEBUG    root            Loaded Command Group: ['gcloud', 'docker']
2018-02-16 20:48:17,802 DEBUG    root            Loaded Command Group: ['gcloud', u'endpoints']
2018-02-16 20:48:17,806 DEBUG    root            Loaded Command Group: ['gcloud', u'deployment_manager']
2018-02-16 20:48:17,817 DEBUG    root            Loaded Command Group: ['gcloud', u'topic', u'formats']
2018-02-16 20:48:17,819 DEBUG    root            Loaded Command Group: ['gcloud', u'topic', u'configurations']
2018-02-16 20:48:17,838 INFO     ___FILE_ONLY___ [m[1mNAME[m
    gcloud - manage Google Cloud Platform resources and developer workflow

[m[1mSYNOPSIS[m
    [1mgcloud[m [4mGROUP[m | [4mCOMMAND[m [[1m--account[m=[4mACCOUNT[m] [[1m--configuration[m=[4mCONFIGURATION[m]
        [[1m--flatten[m=[[4mKEY[m,...]] [[1m--format[m=[4mFORMAT[m] [[1m--help[m] [[1m--project[m=[4mPROJECT_ID[m]
        [[1m--quiet[m, [1m-q[m] [[1m--verbosity[m=[4mVERBOSITY[m; default="warning"]
        [[1m--version[m, [1m-v[m] [[1m-h[m] [[1m--log-http[m] [[1m--trace-token[m=[4mTRACE_TOKEN[m]
        [[1m--no-user-output-enabled[m]

[m[1mDESCRIPTION[m
    The [1mgcloud[m CLI manages authentication, local configuration, developer
    workflow, and interactions with the Google Cloud Platform APIs.

[m[1mGLOBAL FLAGS[m
     [1m--account[m=[4mACCOUNT[m
        Google Cloud Platform user account to use for invocation. Overrides the
        default [1mcore/account[m property value for this command invocation.

     [1m--configuration[m=[4mCONFIGURATION[m
        The configuration to use for this command invocation. For more
        information on how to use configurations, run: [1mgcloud topic
        configurations[m. You can also use the [CLOUDSDK_ACTIVE_CONFIG_NAME]
        environment variable to set the equivalent of this flag for a terminal
        session.

     [1m--flatten[m=[[4mKEY[m,...]
        Flatten [4mname[m[] output resource slices in [4mKEY[m into separate records for
        each item in each slice. Multiple keys and slices may be specified.
        This also flattens keys for [1m--format[m and [1m--filter[m. For example,
        [1m--flatten=abc.def[m flattens [1mabc.def[].ghi[m references to [1mabc.def.ghi[m. A
        resource record containing [1mabc.def[][m with N elements will expand to N
        records in the flattened output. This flag interacts with other flags
        that are applied in this order: [1m--flatten[m, [1m--sort-by[m, [1m--filter[m,
        [1m--limit[m.

     [1m--format[m=[4mFORMAT[m
        Sets the format for printing command output resources. The default is a
        command-specific human-friendly output format. The supported formats
        are: [1mconfig[m, [1mcsv[m, [1mdefault[m, [1mdiff[m, [1mdisable[m, [1mflattened[m, [1mget[m, [1mjson[m, [1mlist[m,
        [1mmulti[m, [1mnone[m, [1mobject[m, [1mtable[m, [1mtext[m, [1mvalue[m, [1myaml[m. For more details run $
        gcloud topic formats.

     [1m--help[m
        Display detailed help.

     [1m--project[m=[4mPROJECT_ID[m
        The Google Cloud Platform project name to use for this invocation. If
        omitted then the current project is assumed. Overrides the default
        [1mcore/project[m property value for this command invocation.

     [1m--quiet[m, [1m-q[m
        Disable all interactive prompts when running gcloud commands. If input
        is required, defaults will be used, or an error will be raised.
        Overrides the default core/disable_prompts property value for this
        command invocation. Must be used at the beginning of commands. This is
        equivalent to setting the environment variable
        [1mCLOUDSDK_CORE_DISABLE_PROMPTS[m to 1.

     [1m--verbosity[m=[4mVERBOSITY[m; default="warning"
        Override the default verbosity for this command with any of the
        supported standard verbosity levels: [1mdebug[m, [1minfo[m, [1mwarning[m, [1merror[m, and
        [1mnone[m. Overrides the default [1mcore/verbosity[m property value for this
        command invocation.

     [1m--version[m, [1m-v[m
        Print version information and exit. This flag is only available at the
        global level.

     [1m-h[m
        Print a summary help and exit.

[m[1mOTHER FLAGS[m
     [1m--log-http[m
        Log all HTTP server requests and responses to stderr. Overrides the
        default [1mcore/log_http[m property value for this command invocation.

     [1m--trace-token[m=[4mTRACE_TOKEN[m
        Token used to route traces of service requests for investigation of
        issues. Overrides the default [1mcore/trace_token[m property value for this
        command invocation.

     [1m--user-output-enabled[m
        Print user intended output to the console. Overrides the default
        [1mcore/user_output_enabled[m property value for this command invocation.
        Use [1m--no-user-output-enabled[m to disable.

[m[1mGROUPS[m
    [1m[1;4mGROUP[1m[m is one of the following:

     [1mapp[m
        Manage your App Engine deployments.

     [1mauth[m
        Manage oauth2 credentials for the Google Cloud SDK.

     [1mcomponents[m
        List, install, update, or remove Google Cloud SDK components.

     [1mcompute[m
        Create and manipulate Google Compute Engine resources.

     [1mconfig[m
        View and edit Cloud SDK properties.

     [1mcontainer[m
        Deploy and manage clusters of machines for running containers.

     [1mdataflow[m
        Manage Google Cloud Dataflow jobs.

     [1mdataproc[m
        Create and manage Google Cloud Dataproc clusters and jobs.

     [1mdatastore[m
        Manage your Cloud Datastore indexes.

     [1mdebug[m
        Commands for interacting with the Cloud Debugger.

     [1mdeployment-manager[m
        Manage deployments of cloud resources.

     [1mdns[m
        Manage your Cloud DNS managed-zones and record-sets.

     [1mdomains[m
        Manage domains for your Google Cloud projects.

     [1mendpoints[m
        Create, enable and manage API services.

     [1mfirebase[m
        Work with Google Firebase.

     [1miam[m
        Manage IAM service accounts and keys.

     [1mkms[m
        Manage cryptographic keys in the cloud.

     [1mlogging[m
        Manage Stackdriver Logging.

     [1mml[m
        Use Google Cloud machine learning capabilities.

     [1mml-engine[m
        Manage Cloud ML Engine jobs and models.

     [1morganizations[m
        Create and manage Google Cloud Platform Organizations.

     [1mprojects[m
        Create and manage project access policies.

     [1mpubsub[m
        Manage Cloud Pub/Sub topics and subscriptions.

     [1mservices[m
        List, enable and disable APIs and services.

     [1msource[m
        Cloud git repository commands.

     [1mspanner[m
        Command groups for Cloud Spanner.

     [1msql[m
        Manage Cloud SQL databases.

     [1mtopic[m
        gcloud supplementary help.

[m[1mCOMMANDS[m
    [1m[1;4mCOMMAND[1m[m is one of the following:

     [1mdocker[m
        Provides the docker CLI access to the Google Container Registry.

     [1mfeedback[m
        Provide feedback to the Google Cloud SDK team.

     [1mhelp[m
        Prints detailed help messages for the specified commands.

     [1minfo[m
        Display information about the current gcloud environment.

     [1minit[m
        Initialize or reinitialize gcloud.

     [1mversion[m
        Print version information for Cloud SDK components.
[m
