2018-02-21 20:06:37,586 DEBUG    root            Loaded Command Group: ['gcloud', 'components']
2018-02-21 20:06:37,591 DEBUG    root            Loaded Command Group: ['gcloud', 'components', 'install']
2018-02-21 20:06:37,594 DEBUG    root            Running [gcloud.components.install] with arguments: [COMPONENT-IDS:1: "['kubectl']"]
2018-02-21 20:06:42,538 INFO     ___FILE_ONLY___ 

2018-02-21 20:06:42,539 INFO     ___FILE_ONLY___ 
Your current Cloud SDK version is: 189.0.0

2018-02-21 20:06:42,539 INFO     ___FILE_ONLY___ Installing components from version: 189.0.0

2018-02-21 20:06:42,539 INFO     ___FILE_ONLY___ 

2018-02-21 20:06:42,542 INFO     ___FILE_ONLY___ ┌──────────────────────────────────────────────────────────────────┐
2018-02-21 20:06:42,543 INFO     ___FILE_ONLY___ 

2018-02-21 20:06:42,543 INFO     ___FILE_ONLY___ │               These components will be installed.                │
2018-02-21 20:06:42,543 INFO     ___FILE_ONLY___ 

2018-02-21 20:06:42,543 INFO     ___FILE_ONLY___ ├─────────────────────┬─────────────────────┬──────────────────────┤
2018-02-21 20:06:42,543 INFO     ___FILE_ONLY___ 

2018-02-21 20:06:42,543 INFO     ___FILE_ONLY___ │         Name        │       Version       │         Size         │
2018-02-21 20:06:42,543 INFO     ___FILE_ONLY___ 

2018-02-21 20:06:42,543 INFO     ___FILE_ONLY___ ├─────────────────────┼─────────────────────┼──────────────────────┤
2018-02-21 20:06:42,543 INFO     ___FILE_ONLY___ 

2018-02-21 20:06:42,543 INFO     ___FILE_ONLY___ │ 
2018-02-21 20:06:42,544 INFO     ___FILE_ONLY___ kubectl            
2018-02-21 20:06:42,544 INFO     ___FILE_ONLY___  
2018-02-21 20:06:42,544 INFO     ___FILE_ONLY___ │ 
2018-02-21 20:06:42,544 INFO     ___FILE_ONLY___                    
2018-02-21 20:06:42,544 INFO     ___FILE_ONLY___  
2018-02-21 20:06:42,544 INFO     ___FILE_ONLY___ │ 
2018-02-21 20:06:42,544 INFO     ___FILE_ONLY___                     
2018-02-21 20:06:42,544 INFO     ___FILE_ONLY___  
2018-02-21 20:06:42,544 INFO     ___FILE_ONLY___ │
2018-02-21 20:06:42,544 INFO     ___FILE_ONLY___ 

2018-02-21 20:06:42,545 INFO     ___FILE_ONLY___ │ 
2018-02-21 20:06:42,545 INFO     ___FILE_ONLY___ kubectl            
2018-02-21 20:06:42,545 INFO     ___FILE_ONLY___  
2018-02-21 20:06:42,545 INFO     ___FILE_ONLY___ │ 
2018-02-21 20:06:42,545 INFO     ___FILE_ONLY___               1.8.6
2018-02-21 20:06:42,545 INFO     ___FILE_ONLY___  
2018-02-21 20:06:42,545 INFO     ___FILE_ONLY___ │ 
2018-02-21 20:06:42,545 INFO     ___FILE_ONLY___             12.2 MiB
2018-02-21 20:06:42,545 INFO     ___FILE_ONLY___  
2018-02-21 20:06:42,546 INFO     ___FILE_ONLY___ │
2018-02-21 20:06:42,546 INFO     ___FILE_ONLY___ 

2018-02-21 20:06:42,546 INFO     ___FILE_ONLY___ └─────────────────────┴─────────────────────┴──────────────────────┘
2018-02-21 20:06:42,546 INFO     ___FILE_ONLY___ 

2018-02-21 20:06:42,546 INFO     ___FILE_ONLY___ 

2018-02-21 20:06:44,076 INFO     ___FILE_ONLY___ For the latest full release notes, please visit:
  https://cloud.google.com/sdk/release_notes


2018-02-21 20:06:45,396 INFO     ___FILE_ONLY___ ╔════════════════════════════════════════════════════════════╗

2018-02-21 20:06:45,396 INFO     ___FILE_ONLY___ ╠═ Creating update staging area                             ═╣

2018-02-21 20:06:45,397 INFO     ___FILE_ONLY___ ╚
2018-02-21 20:06:45,397 INFO     ___FILE_ONLY___ ══════
2018-02-21 20:06:45,397 INFO     ___FILE_ONLY___ ══════
2018-02-21 20:06:45,397 INFO     ___FILE_ONLY___ ══════
2018-02-21 20:06:45,802 INFO     ___FILE_ONLY___ ═
2018-02-21 20:06:45,934 INFO     ___FILE_ONLY___ ═
2018-02-21 20:06:46,034 INFO     ___FILE_ONLY___ ═
2018-02-21 20:06:46,150 INFO     ___FILE_ONLY___ ═
2018-02-21 20:06:46,223 INFO     ___FILE_ONLY___ ═
2018-02-21 20:06:46,297 INFO     ___FILE_ONLY___ ═
2018-02-21 20:06:46,395 INFO     ___FILE_ONLY___ ═
2018-02-21 20:06:46,507 INFO     ___FILE_ONLY___ ═
2018-02-21 20:06:46,651 INFO     ___FILE_ONLY___ ═
2018-02-21 20:06:46,760 INFO     ___FILE_ONLY___ ═
2018-02-21 20:06:46,872 INFO     ___FILE_ONLY___ ═
2018-02-21 20:06:47,029 INFO     ___FILE_ONLY___ ═
2018-02-21 20:06:47,187 INFO     ___FILE_ONLY___ ═
2018-02-21 20:06:47,230 INFO     ___FILE_ONLY___ ═
2018-02-21 20:06:47,448 INFO     ___FILE_ONLY___ ═
2018-02-21 20:06:47,547 INFO     ___FILE_ONLY___ ═
2018-02-21 20:06:47,591 INFO     ___FILE_ONLY___ ═
2018-02-21 20:06:47,630 INFO     ___FILE_ONLY___ ═
2018-02-21 20:06:47,695 INFO     ___FILE_ONLY___ ═
2018-02-21 20:06:47,772 INFO     ___FILE_ONLY___ ═
2018-02-21 20:06:47,855 INFO     ___FILE_ONLY___ ═
2018-02-21 20:06:47,929 INFO     ___FILE_ONLY___ ═
2018-02-21 20:06:48,053 INFO     ___FILE_ONLY___ ═
2018-02-21 20:06:48,126 INFO     ___FILE_ONLY___ ═
2018-02-21 20:06:48,228 INFO     ___FILE_ONLY___ ═
2018-02-21 20:06:48,322 INFO     ___FILE_ONLY___ ═
2018-02-21 20:06:48,391 INFO     ___FILE_ONLY___ ═
2018-02-21 20:06:48,480 INFO     ___FILE_ONLY___ ═
2018-02-21 20:06:48,572 INFO     ___FILE_ONLY___ ═
2018-02-21 20:06:48,679 INFO     ___FILE_ONLY___ ═
2018-02-21 20:06:48,775 INFO     ___FILE_ONLY___ ═
2018-02-21 20:06:48,853 INFO     ___FILE_ONLY___ ═
2018-02-21 20:06:48,951 INFO     ___FILE_ONLY___ ═
2018-02-21 20:06:49,055 INFO     ___FILE_ONLY___ ═
2018-02-21 20:06:49,168 INFO     ___FILE_ONLY___ ═
2018-02-21 20:06:49,244 INFO     ___FILE_ONLY___ ═
2018-02-21 20:06:49,338 INFO     ___FILE_ONLY___ ═
2018-02-21 20:06:49,497 INFO     ___FILE_ONLY___ ═
2018-02-21 20:06:49,594 INFO     ___FILE_ONLY___ ═
2018-02-21 20:06:49,738 INFO     ___FILE_ONLY___ ═
2018-02-21 20:06:49,974 INFO     ___FILE_ONLY___ ═
2018-02-21 20:06:50,251 INFO     ___FILE_ONLY___ ═
2018-02-21 20:06:50,251 INFO     ___FILE_ONLY___ ╝
2018-02-21 20:06:50,254 INFO     ___FILE_ONLY___ ╠════════════════════════════════════════════════════════════╣

2018-02-21 20:06:50,254 INFO     ___FILE_ONLY___ ╠═ Installing: kubectl                                      ═╣

2018-02-21 20:06:50,254 INFO     ___FILE_ONLY___ ╚
2018-02-21 20:06:50,256 INFO     ___FILE_ONLY___ ════════════════════════════════════════════════════════════
2018-02-21 20:06:50,256 INFO     ___FILE_ONLY___ ╝
2018-02-21 20:06:50,256 INFO     ___FILE_ONLY___ ╠════════════════════════════════════════════════════════════╣

2018-02-21 20:06:50,257 INFO     ___FILE_ONLY___ ╠═ Installing: kubectl                                      ═╣

2018-02-21 20:06:50,257 INFO     ___FILE_ONLY___ ╚
2018-02-21 20:06:52,764 INFO     ___FILE_ONLY___ ═
2018-02-21 20:06:56,864 INFO     ___FILE_ONLY___ ═
2018-02-21 20:07:01,627 INFO     ___FILE_ONLY___ ═
2018-02-21 20:07:05,592 INFO     ___FILE_ONLY___ ═
2018-02-21 20:07:09,271 INFO     ___FILE_ONLY___ ═
2018-02-21 20:07:12,241 INFO     ___FILE_ONLY___ ═
2018-02-21 20:07:14,843 INFO     ___FILE_ONLY___ ═
2018-02-21 20:07:18,028 INFO     ___FILE_ONLY___ ═
2018-02-21 20:07:20,767 INFO     ___FILE_ONLY___ ═
2018-02-21 20:07:24,009 INFO     ___FILE_ONLY___ ═
2018-02-21 20:07:27,151 INFO     ___FILE_ONLY___ ═
2018-02-21 20:07:30,703 INFO     ___FILE_ONLY___ ═
2018-02-21 20:07:34,788 INFO     ___FILE_ONLY___ ═
2018-02-21 20:07:38,014 INFO     ___FILE_ONLY___ ═
2018-02-21 20:07:41,640 INFO     ___FILE_ONLY___ ═
2018-02-21 20:07:45,694 INFO     ___FILE_ONLY___ ═
2018-02-21 20:07:49,509 INFO     ___FILE_ONLY___ ═
2018-02-21 20:07:53,212 INFO     ___FILE_ONLY___ ═
2018-02-21 20:07:57,008 INFO     ___FILE_ONLY___ ═
2018-02-21 20:08:04,013 INFO     ___FILE_ONLY___ ═
2018-02-21 20:08:11,780 INFO     ___FILE_ONLY___ ═
2018-02-21 20:08:15,849 INFO     ___FILE_ONLY___ ═
2018-02-21 20:08:20,186 INFO     ___FILE_ONLY___ ═
2018-02-21 20:08:24,658 INFO     ___FILE_ONLY___ ═
2018-02-21 20:08:29,010 INFO     ___FILE_ONLY___ ═
2018-02-21 20:08:32,986 INFO     ___FILE_ONLY___ ═
2018-02-21 20:08:35,920 INFO     ___FILE_ONLY___ ═
2018-02-21 20:08:39,267 INFO     ___FILE_ONLY___ ═
2018-02-21 20:08:45,391 INFO     ___FILE_ONLY___ ═
2018-02-21 20:08:50,681 INFO     ___FILE_ONLY___ ═
2018-02-21 20:08:51,091 INFO     ___FILE_ONLY___ ═══════════════
2018-02-21 20:08:51,417 INFO     ___FILE_ONLY___ ═══════════════
2018-02-21 20:08:51,417 INFO     ___FILE_ONLY___ ╝
2018-02-21 20:08:51,420 INFO     ___FILE_ONLY___ ╠════════════════════════════════════════════════════════════╣

2018-02-21 20:08:51,420 INFO     ___FILE_ONLY___ ╠═ Creating backup and activating new installation          ═╣

2018-02-21 20:08:51,420 INFO     ___FILE_ONLY___ ╚
2018-02-21 20:08:51,420 DEBUG    root            Attempting to move directory [/Users/nikola/google-cloud-sdk] to [/Users/nikola/google-cloud-sdk.staging/.install/.backup]
2018-02-21 20:08:51,420 INFO     ___FILE_ONLY___ ══════════════════════════════
2018-02-21 20:08:51,421 DEBUG    root            Attempting to move directory [/Users/nikola/google-cloud-sdk.staging] to [/Users/nikola/google-cloud-sdk]
2018-02-21 20:08:51,421 INFO     ___FILE_ONLY___ ══════════════════════════════
2018-02-21 20:08:51,421 INFO     ___FILE_ONLY___ ╝

2018-02-21 20:08:51,424 DEBUG    root            Updating notification cache...
2018-02-21 20:08:51,425 INFO     ___FILE_ONLY___ 

2018-02-21 20:08:51,425 INFO     ___FILE_ONLY___ Performing post processing steps...
2018-02-21 20:08:51,425 DEBUG    root            Executing command: ['/usr/local/Cellar/python/2.7.14_3/Frameworks/Python.framework/Versions/2.7/Resources/Python.app/Contents/MacOS/Python', u'-S', u'/Users/nikola/google-cloud-sdk/lib/gcloud.py', u'components', u'post-process']
2018-02-21 20:08:58,248 DEBUG    ___FILE_ONLY___ 
2018-02-21 20:08:58,248 DEBUG    ___FILE_ONLY___ 
2018-02-21 20:08:58,492 INFO     ___FILE_ONLY___ 
Update done!


2018-02-21 20:08:58,497 WARNING  root              There are older versions of Google Cloud Platform tools on your system PATH.
  Please remove the following to avoid accidentally invoking these old tools:

  /usr/local/Cellar/kubernetes-cli/1.9.3/bin/kubectl

  
2018-02-21 20:08:58,503 INFO     root            Display format "none".
